2022-11-13 21:58:32,993:INFO:PyCaret Supervised Module
2022-11-13 21:58:32,993:INFO:ML Usecase: regression
2022-11-13 21:58:32,993:INFO:version 2.2.2
2022-11-13 21:58:32,993:INFO:Initializing setup()
2022-11-13 21:58:32,994:INFO:setup(target=BMI, ml_usecase=regression, available_plots={'parameter': 'Hyperparameters', 'residuals': 'Residuals', 'error': 'Prediction Error', 'cooks': 'Cooks Distance', 'rfe': 'Feature Selection', 'learning': 'Learning Curve', 'manifold': 'Manifold Learning', 'vc': 'Validation Curve', 'feature': 'Feature Importance', 'feature_all': 'Feature Importance (All)', 'tree': 'Decision Tree'}, train_size=0.7, test_data=None, preprocess=True, imputation_type=simple, iterative_imputation_iters=5, categorical_features=None, categorical_imputation=constant, categorical_iterative_imputer=lightgbm, ordinal_features=None, high_cardinality_features=None, high_cardinality_method=frequency, numeric_features=None, numeric_imputation=mean, numeric_iterative_imputer=lightgbm, date_features=None, ignore_features=None, normalize=False, normalize_method=zscore, transformation=False, transformation_method=yeo-johnson, handle_unknown_categorical=True, unknown_categorical_method=least_frequent, pca=False, pca_method=linear, pca_components=None, ignore_low_variance=False, combine_rare_levels=False, rare_level_threshold=0.1, bin_numeric_features=None, remove_outliers=False, outliers_threshold=0.05, remove_multicollinearity=False, multicollinearity_threshold=0.9, remove_perfect_collinearity=True, create_clusters=False, cluster_iter=20, polynomial_features=False, polynomial_degree=2, trigonometry_features=False, polynomial_threshold=0.1, group_features=None, group_names=None, feature_selection=False, feature_selection_threshold=0.8, feature_selection_method=classic, feature_interaction=False, feature_ratio=False, interaction_threshold=0.01, fix_imbalance=False, fix_imbalance_method=None, transform_target=False, transform_target_method=box-cox, data_split_shuffle=True, data_split_stratify=False, fold_strategy=kfold, fold=10, fold_shuffle=False, fold_groups=None, n_jobs=-1, use_gpu=False, custom_pipeline=None, html=True, session_id=None, log_experiment=False, experiment_name=None, log_plots=False, log_profile=False, log_data=False, silent=False, verbose=True, profile=False, profile_kwargs=None, display=None)
2022-11-13 21:58:33,003:INFO:Checking environment
2022-11-13 21:58:33,003:INFO:python_version: 3.9.13
2022-11-13 21:58:33,003:INFO:python_build: ('tags/v3.9.13:6de2ca5', 'May 17 2022 16:36:42')
2022-11-13 21:58:33,003:INFO:machine: AMD64
2022-11-13 21:58:33,003:INFO:platform: Windows-10-10.0.22000-SP0
2022-11-13 21:58:33,003:INFO:Memory: svmem(total=16505966592, available=1712209920, percent=89.6, used=14793756672, free=1712209920)
2022-11-13 21:58:33,004:INFO:Physical Core: 6
2022-11-13 21:58:33,004:INFO:Logical Core: 12
2022-11-13 21:58:33,004:INFO:Checking libraries
2022-11-13 21:58:33,004:INFO:pd==1.5.1
2022-11-13 21:58:33,004:INFO:numpy==1.23.4
2022-11-13 21:58:33,005:INFO:sklearn==1.1.3
2022-11-13 21:58:33,071:INFO:xgboost==1.7.1
2022-11-13 21:58:33,071:INFO:lightgbm==3.3.3
2022-11-13 21:58:33,205:INFO:catboost==1.1.1
2022-11-13 21:58:35,665:INFO:mlflow==1.30.0
2022-11-13 21:58:35,665:INFO:Checking Exceptions
2022-11-13 21:58:35,666:INFO:Declaring global variables
2022-11-13 21:58:35,666:INFO:USI: f99a
2022-11-13 21:58:35,666:INFO:pycaret_globals: {'_ml_usecase', 'gpu_param', 'fold_generator', 'log_plots_param', 'fold_param', 'exp_name_log', '_all_models', 'transform_target_param', 'imputation_classifier', 'fix_imbalance_method_param', 'pycaret_globals', 'fix_imbalance_param', 'create_model_container', 'imputation_regressor', 'fold_groups_param', 'html_param', '_all_models_internal', 'USI', '_internal_pipeline', 'stratify_param', 'target_param', 'y_train', '_gpu_n_jobs_param', 'seed', 'display_container', 'data_before_preprocess', 'fold_shuffle_param', 'X_test', 'prep_pipe', 'iterative_imputation_iters_param', 'transform_target_method_param', 'n_jobs_param', 'experiment__', 'y_test', '_all_metrics', 'logging_param', 'y', 'X', 'master_model_container', '_available_plots', 'X_train'}
2022-11-13 21:58:35,666:INFO:Preparing display monitor
2022-11-13 21:58:35,666:INFO:Preparing display monitor
2022-11-13 21:58:35,681:INFO:Importing libraries
2022-11-13 21:58:35,681:INFO:Copying data for preprocessing
2022-11-13 21:58:35,692:INFO:Declaring preprocessing parameters
2022-11-13 21:58:35,694:INFO:Creating preprocessing pipeline
2022-11-13 21:58:35,712:INFO:Preprocessing pipeline created successfully
2022-11-13 21:58:35,712:ERROR:(Process Exit): setup has been interupted with user command 'quit'. setup must rerun.
2022-11-13 21:58:35,713:INFO:Creating global containers
